D:\搜狗高速下载\CONFIGURATIONTOOL-MAIN\CONFIGURATIONTOOL-MAIN\DEVICECONFIG\DEVICECONFIG\GENERATEDFILES\DEBUG\MOC_DEVICECONFIG.CPP
D:\搜狗高速下载\CONFIGURATIONTOOL-MAIN\CONFIGURATIONTOOL-MAIN\DEVICECONFIG\DEVICECONFIG\GENERATEDFILES\QRC_DEVICECONFIG.CPP
D:\搜狗高速下载\CONFIGURATIONTOOL-MAIN\CONFIGURATIONTOOL-MAIN\DEVICECONFIG\DEVICECONFIG\GENERATEDFILES\UI_DEVICECONFIG.H
D:\搜狗高速下载\CONFIGURATIONTOOL-MAIN\CONFIGURATIONTOOL-MAIN\DEVICECONFIG\DEVICECONFIG\X64\DEBUG\DEVICECONFIG.EXE.INTERMEDIATE.MANIFEST
D:\搜狗高速下载\CONFIGURATIONTOOL-MAIN\CONFIGURATIONTOOL-MAIN\DEVICECONFIG\DEVICECONFIG\X64\DEBUG\DEVICECONFIG.OBJ
D:\搜狗高速下载\CONFIGURATIONTOOL-MAIN\CONFIGURATIONTOOL-MAIN\DEVICECONFIG\DEVICECONFIG\X64\DEBUG\DEVICECONFIG.RES
D:\搜狗高速下载\CONFIGURATIONTOOL-MAIN\CONFIGURATIONTOOL-MAIN\DEVICECONFIG\DEVICECONFIG\X64\DEBUG\MAIN.OBJ
D:\搜狗高速下载\CONFIGURATIONTOOL-MAIN\CONFIGURATIONTOOL-MAIN\DEVICECONFIG\DEVICECONFIG\X64\DEBUG\MOC_DEVICECONFIG.OBJ
D:\搜狗高速下载\CONFIGURATIONTOOL-MAIN\CONFIGURATIONTOOL-MAIN\DEVICECONFIG\DEVICECONFIG\X64\DEBUG\QRC_DEVICECONFIG.OBJ
D:\搜狗高速下载\CONFIGURATIONTOOL-MAIN\CONFIGURATIONTOOL-MAIN\DEVICECONFIG\DEVICECONFIG\X64\DEBUG\VC100.PDB
D:\搜狗高速下载\CONFIGURATIONTOOL-MAIN\CONFIGURATIONTOOL-MAIN\DEVICECONFIG\X64\DEBUG\DEVICECONFIG.EXE
D:\搜狗高速下载\CONFIGURATIONTOOL-MAIN\CONFIGURATIONTOOL-MAIN\DEVICECONFIG\X64\DEBUG\DEVICECONFIG.ILK
D:\搜狗高速下载\CONFIGURATIONTOOL-MAIN\CONFIGURATIONTOOL-MAIN\DEVICECONFIG\X64\DEBUG\DEVICECONFIG.PDB
E:\新建文件夹\CONFIGURATIONTOOL-MAIN\CONFIGURATIONTOOL-MAIN\DEVICECONFIG\DEVICECONFIG\GENERATEDFILES\DEBUG\MOC_DEVICECONFIG.CPP
E:\新建文件夹\CONFIGURATIONTOOL-MAIN\CONFIGURATIONTOOL-MAIN\DEVICECONFIG\DEVICECONFIG\GENERATEDFILES\QRC_DEVICECONFIG.CPP
E:\新建文件夹\CONFIGURATIONTOOL-MAIN\CONFIGURATIONTOOL-MAIN\DEVICECONFIG\DEVICECONFIG\GENERATEDFILES\UI_DEVICECONFIG.H
E:\新建文件夹\ConfigurationTool-main\ConfigurationTool-main\DeviceConfig\DeviceConfig\x64\Debug\cl.command.1.tlog
E:\新建文件夹\ConfigurationTool-main\ConfigurationTool-main\DeviceConfig\DeviceConfig\x64\Debug\CL.read.1.tlog
E:\新建文件夹\ConfigurationTool-main\ConfigurationTool-main\DeviceConfig\DeviceConfig\x64\Debug\CL.write.1.tlog
E:\新建文件夹\ConfigurationTool-main\ConfigurationTool-main\DeviceConfig\DeviceConfig\x64\Debug\custombuild.command.1.tlog
E:\新建文件夹\ConfigurationTool-main\ConfigurationTool-main\DeviceConfig\DeviceConfig\x64\Debug\custombuild.read.1.tlog
E:\新建文件夹\ConfigurationTool-main\ConfigurationTool-main\DeviceConfig\DeviceConfig\x64\Debug\custombuild.write.1.tlog
E:\新建文件夹\CONFIGURATIONTOOL-MAIN\CONFIGURATIONTOOL-MAIN\DEVICECONFIG\DEVICECONFIG\X64\DEBUG\DEVICECONFIG.EXE.INTERMEDIATE.MANIFEST
E:\新建文件夹\CONFIGURATIONTOOL-MAIN\CONFIGURATIONTOOL-MAIN\DEVICECONFIG\DEVICECONFIG\X64\DEBUG\DEVICECONFIG.OBJ
E:\新建文件夹\CONFIGURATIONTOOL-MAIN\CONFIGURATIONTOOL-MAIN\DEVICECONFIG\DEVICECONFIG\X64\DEBUG\DEVICECONFIG.RES
E:\新建文件夹\ConfigurationTool-main\ConfigurationTool-main\DeviceConfig\DeviceConfig\x64\Debug\DeviceConfig.vcxprojResolveAssemblyReference.cache
E:\新建文件夹\ConfigurationTool-main\ConfigurationTool-main\DeviceConfig\DeviceConfig\x64\Debug\DeviceConfig.write.1.tlog
E:\新建文件夹\ConfigurationTool-main\ConfigurationTool-main\DeviceConfig\DeviceConfig\x64\Debug\link.command.1.tlog
E:\新建文件夹\ConfigurationTool-main\ConfigurationTool-main\DeviceConfig\DeviceConfig\x64\Debug\link.read.1.tlog
E:\新建文件夹\ConfigurationTool-main\ConfigurationTool-main\DeviceConfig\DeviceConfig\x64\Debug\link.read.2.tlog
E:\新建文件夹\ConfigurationTool-main\ConfigurationTool-main\DeviceConfig\DeviceConfig\x64\Debug\link.write.1.tlog
E:\新建文件夹\ConfigurationTool-main\ConfigurationTool-main\DeviceConfig\DeviceConfig\x64\Debug\link-cvtres.read.1.tlog
E:\新建文件夹\ConfigurationTool-main\ConfigurationTool-main\DeviceConfig\DeviceConfig\x64\Debug\link-cvtres.write.1.tlog
E:\新建文件夹\CONFIGURATIONTOOL-MAIN\CONFIGURATIONTOOL-MAIN\DEVICECONFIG\DEVICECONFIG\X64\DEBUG\MAIN.OBJ
E:\新建文件夹\CONFIGURATIONTOOL-MAIN\CONFIGURATIONTOOL-MAIN\DEVICECONFIG\DEVICECONFIG\X64\DEBUG\MOC_DEVICECONFIG.OBJ
E:\新建文件夹\ConfigurationTool-main\ConfigurationTool-main\DeviceConfig\DeviceConfig\x64\Debug\mt.command.1.tlog
E:\新建文件夹\ConfigurationTool-main\ConfigurationTool-main\DeviceConfig\DeviceConfig\x64\Debug\mt.read.1.tlog
E:\新建文件夹\ConfigurationTool-main\ConfigurationTool-main\DeviceConfig\DeviceConfig\x64\Debug\mt.write.1.tlog
E:\新建文件夹\CONFIGURATIONTOOL-MAIN\CONFIGURATIONTOOL-MAIN\DEVICECONFIG\DEVICECONFIG\X64\DEBUG\QRC_DEVICECONFIG.OBJ
E:\新建文件夹\ConfigurationTool-main\ConfigurationTool-main\DeviceConfig\DeviceConfig\x64\Debug\rc.command.1.tlog
E:\新建文件夹\ConfigurationTool-main\ConfigurationTool-main\DeviceConfig\DeviceConfig\x64\Debug\rc.read.1.tlog
E:\新建文件夹\ConfigurationTool-main\ConfigurationTool-main\DeviceConfig\DeviceConfig\x64\Debug\rc.write.1.tlog
E:\新建文件夹\CONFIGURATIONTOOL-MAIN\CONFIGURATIONTOOL-MAIN\DEVICECONFIG\DEVICECONFIG\X64\DEBUG\VC100.PDB
E:\新建文件夹\CONFIGURATIONTOOL-MAIN\CONFIGURATIONTOOL-MAIN\DEVICECONFIG\X64\DEBUG\DEVICECONFIG.EXE
E:\新建文件夹\CONFIGURATIONTOOL-MAIN\CONFIGURATIONTOOL-MAIN\DEVICECONFIG\X64\DEBUG\DEVICECONFIG.ILK
E:\新建文件夹\CONFIGURATIONTOOL-MAIN\CONFIGURATIONTOOL-MAIN\DEVICECONFIG\X64\DEBUG\DEVICECONFIG.PDB
