生成启动时间为 2022/12/5 14:24:23。
     1>项目“E:\DeviceConfig\DeviceConfig\DeviceConfig.vcxproj”在节点 2 上(build 个目标)。
     1>InitializeBuildStatus:
         正在创建“x64\Debug\DeviceConfig.unsuccessfulbuild”，因为已指定“AlwaysCreate”。
       CustomBuild:
         所有输出均为最新。
       ClCompile:
         所有输出均为最新。
         所有输出均为最新。
       ResourceCompile:
         所有输出均为最新。
       Link:
         所有输出均为最新。
         DeviceConfig.vcxproj -> E:\DeviceConfig\x64\Debug\DeviceConfig.exe
       FinalizeBuildStatus:
         正在删除文件“x64\Debug\DeviceConfig.unsuccessfulbuild”。
         正在对“x64\Debug\DeviceConfig.lastbuildstate”执行 Touch 任务。
     1>已完成生成项目“E:\DeviceConfig\DeviceConfig\DeviceConfig.vcxproj”(build 个目标)的操作。

生成成功。

已用时间 00:00:00.08
