F:\CONFIGURATIONTOOL\DEVICECONFIG\DEVICECONFIG\GENERATEDFILES\QRC_DEVICECONFIG.CPP
F:\CONFIGURATIONTOOL\DEVICECONFIG\DEVICECONFIG\GENERATEDFILES\RELEASE\MOC_DEVICECONFIG.CPP
F:\CONFIGURATIONTOOL\DEVICECONFIG\DEVICECONFIG\GENERATEDFILES\UI_DEVICECONFIG.H
F:\ConfigurationTool\DeviceConfig\DeviceConfig\x64\Release\cl.command.1.tlog
F:\ConfigurationTool\DeviceConfig\DeviceConfig\x64\Release\CL.read.1.tlog
F:\ConfigurationTool\DeviceConfig\DeviceConfig\x64\Release\CL.write.1.tlog
F:\ConfigurationTool\DeviceConfig\DeviceConfig\x64\Release\custombuild.command.1.tlog
F:\ConfigurationTool\DeviceConfig\DeviceConfig\x64\Release\custombuild.read.1.tlog
F:\ConfigurationTool\DeviceConfig\DeviceConfig\x64\Release\custombuild.write.1.tlog
F:\CONFIGURATIONTOOL\DEVICECONFIG\DEVICECONFIG\X64\RELEASE\DEVICECONFIG.EXE.INTERMEDIATE.MANIFEST
F:\CONFIGURATIONTOOL\DEVICECONFIG\DEVICECONFIG\X64\RELEASE\DEVICECONFIG.OBJ
F:\CONFIGURATIONTOOL\DEVICECONFIG\DEVICECONFIG\X64\RELEASE\DEVICECONFIG.RES
F:\ConfigurationTool\DeviceConfig\DeviceConfig\x64\Release\DeviceConfig.vcxprojResolveAssemblyReference.cache
F:\ConfigurationTool\DeviceConfig\DeviceConfig\x64\Release\DeviceConfig.write.1.tlog
F:\ConfigurationTool\DeviceConfig\DeviceConfig\x64\Release\link.command.1.tlog
F:\ConfigurationTool\DeviceConfig\DeviceConfig\x64\Release\link.read.1.tlog
F:\ConfigurationTool\DeviceConfig\DeviceConfig\x64\Release\link.write.1.tlog
F:\ConfigurationTool\DeviceConfig\DeviceConfig\x64\Release\link-cvtres.read.1.tlog
F:\ConfigurationTool\DeviceConfig\DeviceConfig\x64\Release\link-cvtres.write.1.tlog
F:\CONFIGURATIONTOOL\DEVICECONFIG\DEVICECONFIG\X64\RELEASE\MAIN.OBJ
F:\CONFIGURATIONTOOL\DEVICECONFIG\DEVICECONFIG\X64\RELEASE\MOC_DEVICECONFIG.OBJ
F:\ConfigurationTool\DeviceConfig\DeviceConfig\x64\Release\mt.command.1.tlog
F:\ConfigurationTool\DeviceConfig\DeviceConfig\x64\Release\mt.read.1.tlog
F:\ConfigurationTool\DeviceConfig\DeviceConfig\x64\Release\mt.write.1.tlog
F:\CONFIGURATIONTOOL\DEVICECONFIG\DEVICECONFIG\X64\RELEASE\QRC_DEVICECONFIG.OBJ
F:\ConfigurationTool\DeviceConfig\DeviceConfig\x64\Release\rc.command.1.tlog
F:\ConfigurationTool\DeviceConfig\DeviceConfig\x64\Release\rc.read.1.tlog
F:\ConfigurationTool\DeviceConfig\DeviceConfig\x64\Release\rc.write.1.tlog
F:\CONFIGURATIONTOOL\DEVICECONFIG\X64\RELEASE\DEVICECONFIG.EXE
