生成启动时间为 2022/8/19 14:42:29。
     1>项目“E:\新建文件夹\ConfigurationTool-main\ConfigurationTool-main\DeviceConfig\DeviceConfig\DeviceConfig.vcxproj”在节点 2 上(build 个目标)。
     1>PrepareForBuild:
         正在创建目录“E:\新建文件夹\ConfigurationTool-main\ConfigurationTool-main\DeviceConfig\Win32\Debug\”。
       InitializeBuildStatus:
         正在创建“Debug\DeviceConfig.unsuccessfulbuild”，因为已指定“AlwaysCreate”。
       ComputeCustomBuildOutput:
         正在创建目录“E:\新建文件夹\ConfigurationTool-main\ConfigurationTool-main\DeviceConfig\DeviceConfig\GeneratedFiles\Debug\”。
       CustomBuild:
         Moc'ing deviceconfig.h...
         Uic'ing deviceconfig.ui...
         Rcc'ing deviceconfig.qrc...
       ClCompile:
         C:\Program Files (x86)\Microsoft Visual Studio 10.0\VC\bin\CL.exe /c /I.\GeneratedFiles /I. /ID:\Qt\4.8.2_32\include /I.\GeneratedFiles\Debug /ID:\Qt\4.8.2_32\include\QtCore /ID:\Qt\4.8.2_32\include\QtGui /ID:\Qt\4.8.2_32\include\QtWidgets /Zi /nologo /W1 /WX- /Od /Oy- /D UNICODE /D WIN32 /D QT_LARGEFILE_SUPPORT /D QT_DLL /D QT_CORE_LIB /D QT_GUI_LIB /D QT_WIDGETS_LIB /Gm- /EHsc /MDd /GS /fp:precise /Zc:wchar_t /Zc:forScope /Fo"Debug\\" /Fd"Debug\vc100.pdb" /Gd /TP /analyze- /errorReport:prompt deviceconfig.cpp GeneratedFiles\Debug\moc_deviceconfig.cpp main.cpp
         deviceconfig.cpp
         moc_deviceconfig.cpp
         main.cpp
         正在生成代码...
         C:\Program Files (x86)\Microsoft Visual Studio 10.0\VC\bin\CL.exe /c /I.\GeneratedFiles /I. /ID:\Qt\4.8.2_32\include /I.\GeneratedFiles\Debug /ID:\Qt\4.8.2_32\include\QtCore /ID:\Qt\4.8.2_32\include\QtGui /ID:\Qt\4.8.2_32\include\QtWidgets /Zi /nologo /W1 /WX- /Od /Oy- /D UNICODE /D WIN32 /D QT_LARGEFILE_SUPPORT /D QT_DLL /D QT_CORE_LIB /D QT_GUI_LIB /D QT_WIDGETS_LIB /Gm- /EHsc /MDd /GS /fp:precise /Zc:wchar_t /Zc:forScope /Fo"Debug\\" /Fd"Debug\vc100.pdb" /Gd /TP /analyze- /errorReport:prompt GeneratedFiles\qrc_deviceconfig.cpp
         qrc_deviceconfig.cpp
       ResourceCompile:
         C:\Program Files (x86)\Microsoft SDKs\Windows\v7.0A\bin\rc.exe /l"0x0409" /nologo /fo"Debug\DeviceConfig.res" DeviceConfig.rc 
       Link:
         C:\Program Files (x86)\Microsoft Visual Studio 10.0\VC\bin\link.exe /ERRORREPORT:PROMPT /OUT:"E:\新建文件夹\ConfigurationTool-main\ConfigurationTool-main\DeviceConfig\Win32\Debug\\DeviceConfig.exe" /NOLOGO /LIBPATH:D:\Qt\4.8.2_32\lib qtmaind.lib Qt5Cored4.lib Qt5Guid4.lib Qt5Widgetsd4.lib kernel32.lib user32.lib gdi32.lib winspool.lib comdlg32.lib advapi32.lib shell32.lib ole32.lib oleaut32.lib uuid.lib odbc32.lib odbccp32.lib /MANIFEST /ManifestFile:"Debug\DeviceConfig.exe.intermediate.manifest" /MANIFESTUAC:"level='asInvoker' uiAccess='false'" /DEBUG /PDB:"E:\新建文件夹\ConfigurationTool-main\ConfigurationTool-main\DeviceConfig\Win32\Debug\DeviceConfig.pdb" /SUBSYSTEM:WINDOWS /TLBID:1 /DYNAMICBASE /NXCOMPAT /IMPLIB:"E:\新建文件夹\ConfigurationTool-main\ConfigurationTool-main\DeviceConfig\Win32\Debug\DeviceConfig.lib" /MACHINE:X86 Debug\DeviceConfig.res
         Debug\deviceconfig.obj
         Debug\moc_deviceconfig.obj
         Debug\qrc_deviceconfig.obj
         Debug\main.obj
     1>LINK : fatal error LNK1104: 无法打开文件“Qt5Cored4.lib”
     1>已完成生成项目“E:\新建文件夹\ConfigurationTool-main\ConfigurationTool-main\DeviceConfig\DeviceConfig\DeviceConfig.vcxproj”(build 个目标)的操作 - 失败。

生成失败。

已用时间 00:00:05.34
